<?xml version="1.0" encoding="UTF-8"?>
<testng-results skipped="0" failed="0" total="1" passed="1">
  <reporter-output>
  </reporter-output>
  <suite name="Suite1" duration-ms="31146" started-at="2013-12-12T19:19:09Z" finished-at="2013-12-12T19:19:40Z">
    <groups>
    </groups>
    <test name="FirefoxTest" duration-ms="31146" started-at="2013-12-12T19:19:09Z" finished-at="2013-12-12T19:19:40Z">
      <class name="com.wqba.samplemaven.Zillow.TestZillowHomePage">
        <test-method status="PASS" signature="openBrowser()[pri:0, instance:com.wqba.samplemaven.Zillow.TestZillowHomePage@4359b25b]" name="openBrowser" is-config="true" duration-ms="26549" started-at="2013-12-13T00:49:09Z" finished-at="2013-12-13T00:49:35Z">
          <reporter-output>
          </reporter-output>
        </test-method> <!-- openBrowser -->
        <test-method status="PASS" signature="testLogoTitle()[pri:0, instance:com.wqba.samplemaven.Zillow.TestZillowHomePage@4359b25b]" name="testLogoTitle" duration-ms="1286" started-at="2013-12-13T00:49:35Z" finished-at="2013-12-13T00:49:36Z">
          <reporter-output>
          </reporter-output>
        </test-method> <!-- testLogoTitle -->
        <test-method status="PASS" signature="closeBrowser()[pri:0, instance:com.wqba.samplemaven.Zillow.TestZillowHomePage@4359b25b]" name="closeBrowser" is-config="true" duration-ms="3275" started-at="2013-12-13T00:49:36Z" finished-at="2013-12-13T00:49:40Z">
          <reporter-output>
          </reporter-output>
        </test-method> <!-- closeBrowser -->
      </class> <!-- com.wqba.samplemaven.Zillow.TestZillowHomePage -->
    </test> <!-- FirefoxTest -->
  </suite> <!-- Suite1 -->
</testng-results>
