<?xml version="1.0" encoding="UTF-8"?>
<testng-results skipped="0" failed="0" total="1" passed="1">
  <reporter-output>
  </reporter-output>
  <suite name="com.wqba.samplemaven.Zillow.TestZillowHomePage" duration-ms="52686" started-at="2013-12-06T21:58:06Z" finished-at="2013-12-06T21:58:59Z">
    <groups>
    </groups>
    <test name="Command line test e33ff41a-54d2-42e6-8a9e-6e8c67f20bff" duration-ms="52686" started-at="2013-12-06T21:58:06Z" finished-at="2013-12-06T21:58:59Z">
      <class name="com.wqba.samplemaven.Zillow.TestZillowHomePage">
        <test-method status="PASS" signature="openBrowser()[pri:0, instance:com.wqba.samplemaven.Zillow.TestZillowHomePage@17e34309]" name="openBrowser" is-config="true" duration-ms="39291" started-at="2013-12-07T03:28:06Z" finished-at="2013-12-07T03:28:45Z">
          <reporter-output>
          </reporter-output>
        </test-method> <!-- openBrowser -->
        <test-method status="PASS" signature="testLogoTitle()[pri:0, instance:com.wqba.samplemaven.Zillow.TestZillowHomePage@17e34309]" name="testLogoTitle" duration-ms="9201" started-at="2013-12-07T03:28:45Z" finished-at="2013-12-07T03:28:55Z">
          <reporter-output>
          </reporter-output>
        </test-method> <!-- testLogoTitle -->
        <test-method status="PASS" signature="closeBrowser()[pri:0, instance:com.wqba.samplemaven.Zillow.TestZillowHomePage@17e34309]" name="closeBrowser" is-config="true" duration-ms="4161" started-at="2013-12-07T03:28:55Z" finished-at="2013-12-07T03:28:59Z">
          <reporter-output>
          </reporter-output>
        </test-method> <!-- closeBrowser -->
      </class> <!-- com.wqba.samplemaven.Zillow.TestZillowHomePage -->
    </test> <!-- Command line test e33ff41a-54d2-42e6-8a9e-6e8c67f20bff -->
  </suite> <!-- com.wqba.samplemaven.Zillow.TestZillowHomePage -->
</testng-results>
